# JRE version: Java(TM) SE Runtime Environment (17.0.4.1+1) (build 17.0.4.1+1-LTS-2)
# Java VM: Java HotSpot(TM) 64-Bit Server VM (17.0.4.1+1-LTS-2, mixed mode, emulated-client, sharing, tiered, compressed oops, compressed class ptrs, g1 gc, windows-amd64)
GC Precious Log:
 CPUs: 2 total, 2 available
 Memory: 3914M
 Large Page Support: Disabled
 NUMA Support: Disabled
 Compressed Oops: Enabled (32-bit)
 Heap Region Size: 1M
 Heap Min Capacity: 8M
 Heap Initial Capacity: 62M
 Heap Max Capacity: 980M
 Pre-touch: Disabled
 Parallel Workers: 2
 Concurrent Workers: 1
 Concurrent Refinement Workers: 2
 Periodic GC: Disabled
Heap:
 garbage-first heap   total 70656K, used 38948K [0x00000000c2c00000, 0x0000000100000000)
  region size 1024K, 2 young (2048K), 2 survivors (2048K)
 Metaspace       used 70470K, committed 71040K, reserved 1114112K
  class space    used 10374K, committed 10624K, reserved 1048576K
GC Heap History (20 events):
Event: 12.250 GC heap after
{Heap after GC invocations=16 (full 0):
 garbage-first heap   total 58368K, used 26871K [0x00000000c2c00000, 0x0000000100000000)
  region size 1024K, 3 young (3072K), 3 survivors (3072K)
 Metaspace       used 45628K, committed 46144K, reserved 1089536K
  class space    used 6584K, committed 6848K, reserved 1048576K
}
Event: 13.578 GC heap before
{Heap before GC invocations=16 (full 0):
 garbage-first heap   total 58368K, used 45303K [0x00000000c2c00000, 0x0000000100000000)
  region size 1024K, 22 young (22528K), 3 survivors (3072K)
 Metaspace       used 51091K, committed 51648K, reserved 1097728K
  class space    used 7431K, committed 7680K, reserved 1048576K
}
Event: 13.588 GC heap after
{Heap after GC invocations=17 (full 0):
 garbage-first heap   total 58368K, used 27976K [0x00000000c2c00000, 0x0000000100000000)
  region size 1024K, 3 young (3072K), 3 survivors (3072K)
 Metaspace       used 51091K, committed 51648K, reserved 1097728K
  class space    used 7431K, committed 7680K, reserved 1048576K
}
Event: 14.306 GC heap before
{Heap before GC invocations=17 (full 0):
 garbage-first heap   total 58368K, used 45384K [0x00000000c2c00000, 0x0000000100000000)
  region size 1024K, 21 young (21504K), 3 survivors (3072K)
 Metaspace       used 55605K, committed 56192K, reserved 1097728K
  class space    used 8209K, committed 8512K, reserved 1048576K
}
Event: 14.315 GC heap after
{Heap after GC invocations=18 (full 0):
 garbage-first heap   total 58368K, used 28879K [0x00000000c2c00000, 0x0000000100000000)
  region size 1024K, 2 young (2048K), 2 survivors (2048K)
 Metaspace       used 55605K, committed 56192K, reserved 1097728K
  class space    used 8209K, committed 8512K, reserved 1048576K
}
Event: 15.037 GC heap before
{Heap before GC invocations=19 (full 0):
 garbage-first heap   total 58368K, used 47311K [0x00000000c2c00000, 0x0000000100000000)
  region size 1024K, 20 young (20480K), 2 survivors (2048K)
 Metaspace       used 58766K, committed 59328K, reserved 1105920K
  class space    used 8682K, committed 8960K, reserved 1048576K
}
Event: 15.048 GC heap after
{Heap after GC invocations=20 (full 0):
 garbage-first heap   total 58368K, used 30556K [0x00000000c2c00000, 0x0000000100000000)
  region size 1024K, 3 young (3072K), 3 survivors (3072K)
 Metaspace       used 58766K, committed 59328K, reserved 1105920K
  class space    used 8682K, committed 8960K, reserved 1048576K
}
Event: 16.070 GC heap before
{Heap before GC invocations=20 (full 0):
 garbage-first heap   total 58368K, used 46940K [0x00000000c2c00000, 0x0000000100000000)
  region size 1024K, 19 young (19456K), 3 survivors (3072K)
 Metaspace       used 60212K, committed 60736K, reserved 1105920K
  class space    used 8918K, committed 9152K, reserved 1048576K
}
Event: 16.083 GC heap after
{Heap after GC invocations=21 (full 0):
 garbage-first heap   total 70656K, used 31988K [0x00000000c2c00000, 0x0000000100000000)
  region size 1024K, 2 young (2048K), 2 survivors (2048K)
 Metaspace       used 60212K, committed 60736K, reserved 1105920K
  class space    used 8918K, committed 9152K, reserved 1048576K
}
Event: 16.954 GC heap before
{Heap before GC invocations=22 (full 0):
 garbage-first heap   total 70656K, used 57588K [0x00000000c2c00000, 0x0000000100000000)
  region size 1024K, 27 young (27648K), 2 survivors (2048K)
 Metaspace       used 63016K, committed 63552K, reserved 1105920K
  class space    used 9329K, committed 9600K, reserved 1048576K
}
Event: 16.966 GC heap after
{Heap after GC invocations=23 (full 0):
 garbage-first heap   total 70656K, used 34368K [0x00000000c2c00000, 0x0000000100000000)
  region size 1024K, 4 young (4096K), 4 survivors (4096K)
 Metaspace       used 63016K, committed 63552K, reserved 1105920K
  class space    used 9329K, committed 9600K, reserved 1048576K
}
Event: 16.988 GC heap before
{Heap before GC invocations=23 (full 0):
 garbage-first heap   total 70656K, used 35392K [0x00000000c2c00000, 0x0000000100000000)
  region size 1024K, 5 young (5120K), 4 survivors (4096K)
 Metaspace       used 63078K, committed 63616K, reserved 1105920K
  class space    used 9341K, committed 9600K, reserved 1048576K
}
Event: 17.000 GC heap after
{Heap after GC invocations=24 (full 0):
 garbage-first heap   total 70656K, used 34717K [0x00000000c2c00000, 0x0000000100000000)
  region size 1024K, 1 young (1024K), 1 survivors (1024K)
 Metaspace       used 63078K, committed 63616K, reserved 1105920K
  class space    used 9341K, committed 9600K, reserved 1048576K
}
Event: 19.109 GC heap before
{Heap before GC invocations=24 (full 0):
 garbage-first heap   total 70656K, used 56221K [0x00000000c2c00000, 0x0000000100000000)
  region size 1024K, 22 young (22528K), 1 survivors (1024K)
 Metaspace       used 66205K, committed 66816K, reserved 1105920K
  class space    used 9748K, committed 10048K, reserved 1048576K
}
Event: 19.118 GC heap after
{Heap after GC invocations=25 (full 0):
 garbage-first heap   total 70656K, used 36375K [0x00000000c2c00000, 0x0000000100000000)
  region size 1024K, 3 young (3072K), 3 survivors (3072K)
 Metaspace       used 66205K, committed 66816K, reserved 1105920K
  class space    used 9748K, committed 10048K, reserved 1048576K
}
Event: 20.035 GC heap before
{Heap before GC invocations=26 (full 0):
 garbage-first heap   total 70656K, used 56855K [0x00000000c2c00000, 0x0000000100000000)
  region size 1024K, 23 young (23552K), 3 survivors (3072K)
 Metaspace       used 70181K, committed 70720K, reserved 1114112K
  class space    used 10318K, committed 10560K, reserved 1048576K
}
Event: 20.048 GC heap after
{Heap after GC invocations=27 (full 0):
 garbage-first heap   total 70656K, used 38247K [0x00000000c2c00000, 0x0000000100000000)
  region size 1024K, 2 young (2048K), 2 survivors (2048K)
 Metaspace       used 70181K, committed 70720K, reserved 1114112K
  class space    used 10318K, committed 10560K, reserved 1048576K
}
Event: 20.570 GC heap before
{Heap before GC invocations=27 (full 0):
 garbage-first heap   total 70656K, used 39271K [0x00000000c2c00000, 0x0000000100000000)
  region size 1024K, 3 young (3072K), 2 survivors (2048K)
 Metaspace       used 70304K, committed 70848K, reserved 1114112K
  class space    used 10343K, committed 10624K, reserved 1048576K
}
Event: 20.580 GC heap after
{Heap after GC invocations=28 (full 0):
 garbage-first heap   total 70656K, used 38137K [0x00000000c2c00000, 0x0000000100000000)
  region size 1024K, 1 young (1024K), 1 survivors (1024K)
 Metaspace       used 70304K, committed 70848K, reserved 1114112K
  class space    used 10343K, committed 10624K, reserved 1048576K
}
Event: 13739.939 GC heap before
{Heap before GC invocations=28 (full 0):
 garbage-first heap   total 70656K, used 55545K [0x00000000c2c00000, 0x0000000100000000)
  region size 1024K, 19 young (19456K), 1 survivors (1024K)
 Metaspace       used 70470K, committed 71040K, reserved 1114112K
  class space    used 10374K, committed 10624K, reserved 1048576K
}

